2025-12-10 14:54:22,820 [DEBUG] intrat in normalize_documents
2025-12-10 14:54:22,820 [DEBUG] intrat in if
2025-12-10 14:54:22,822 [DEBUG] intrat in if
2025-12-10 14:54:22,822 [DEBUG] intrat in if
2025-12-10 14:54:22,822 [DEBUG] intrat in if
2025-12-10 14:54:22,822 [DEBUG] intrat in if
2025-12-10 14:54:22,822 [DEBUG] intrat in if
2025-12-10 14:54:22,822 [DEBUG] intrat in if
2025-12-10 14:54:22,823 [DEBUG] intrat in if
2025-12-10 14:54:22,823 [DEBUG] intrat in if
2025-12-10 14:54:22,823 [DEBUG] intrat in if
2025-12-10 14:54:22,823 [DEBUG] intrat in if
2025-12-10 14:54:22,823 [DEBUG] intrat in if
2025-12-10 14:54:22,823 [DEBUG] intrat in if
2025-12-10 14:54:22,823 [DEBUG] intrat in if
2025-12-10 14:54:22,824 [DEBUG] intrat in if
2025-12-10 14:54:22,824 [DEBUG] intrat in if
2025-12-10 14:54:22,824 [DEBUG] intrat in if
2025-12-10 14:54:22,824 [DEBUG] intrat in if
2025-12-10 14:54:22,824 [DEBUG] intrat in if
2025-12-10 14:54:22,824 [DEBUG] intrat in if
2025-12-10 14:54:22,824 [DEBUG] intrat in if
2025-12-10 14:54:22,824 [DEBUG] intrat in if
2025-12-10 14:54:22,825 [DEBUG] intrat in if
2025-12-10 14:54:22,825 [DEBUG] intrat in if
2025-12-10 14:54:22,825 [DEBUG] intrat in if
2025-12-10 14:54:22,825 [DEBUG] intrat in if
2025-12-10 14:54:22,825 [DEBUG] intrat in if
2025-12-10 14:54:22,825 [DEBUG] intrat in if
2025-12-10 14:54:22,825 [DEBUG] intrat in if
2025-12-10 14:54:22,825 [DEBUG] intrat in if
2025-12-10 14:54:22,825 [DEBUG] intrat in if
2025-12-10 14:54:22,825 [DEBUG] intrat in if
2025-12-10 14:54:22,826 [DEBUG] intrat in if
2025-12-10 14:54:22,826 [DEBUG] intrat in if
2025-12-10 14:54:22,826 [DEBUG] intrat in if
2025-12-10 14:54:22,826 [DEBUG] intrat in if
2025-12-10 14:54:22,826 [DEBUG] intrat in if
2025-12-10 14:54:22,826 [DEBUG] intrat in if
2025-12-10 14:54:22,826 [DEBUG] intrat in if
2025-12-10 14:54:22,827 [DEBUG] intrat in if
2025-12-10 14:54:22,827 [DEBUG] intrat in if
2025-12-10 14:54:22,827 [DEBUG] intrat in if
2025-12-10 14:54:22,827 [DEBUG] intrat in if
2025-12-10 14:54:22,827 [DEBUG] intrat in if
2025-12-10 14:54:22,827 [DEBUG] intrat in if
2025-12-10 14:54:22,827 [DEBUG] intrat in if
2025-12-10 14:54:22,827 [DEBUG] intrat in if
2025-12-10 14:54:22,827 [DEBUG] intrat in if
2025-12-10 14:54:22,827 [DEBUG] intrat in if
2025-12-10 14:54:22,829 [DEBUG] intrat in if
2025-12-10 14:54:22,829 [DEBUG] intrat in if
2025-12-10 14:54:22,829 [DEBUG] intrat in if
2025-12-10 14:54:22,829 [DEBUG] intrat in if
2025-12-10 14:54:22,829 [DEBUG] intrat in if
2025-12-10 14:54:22,829 [DEBUG] intrat in if
2025-12-10 14:54:22,830 [DEBUG] intrat in if
2025-12-10 14:54:22,830 [DEBUG] intrat in if
2025-12-10 14:54:22,830 [DEBUG] intrat in if
2025-12-10 14:54:22,830 [DEBUG] intrat in if
2025-12-10 14:54:22,830 [DEBUG] intrat in if
2025-12-10 14:54:22,830 [DEBUG] intrat in if
2025-12-10 14:54:22,830 [DEBUG] intrat in if
2025-12-10 14:54:22,830 [DEBUG] intrat in if
2025-12-10 14:54:22,830 [DEBUG] intrat in if
2025-12-10 14:54:22,830 [DEBUG] intrat in if
2025-12-10 14:54:22,832 [DEBUG] intrat in if
2025-12-10 14:54:22,832 [DEBUG] intrat in if
2025-12-10 14:54:22,832 [DEBUG] intrat in if
2025-12-10 14:54:22,833 [DEBUG] intrat in if
2025-12-10 14:54:22,833 [DEBUG] intrat in if
2025-12-10 14:54:22,833 [DEBUG] intrat in if
2025-12-10 14:54:22,833 [DEBUG] intrat in if
2025-12-10 14:54:22,833 [DEBUG] intrat in if
2025-12-10 14:54:22,833 [DEBUG] intrat in if
2025-12-10 14:54:22,834 [DEBUG] intrat in if
2025-12-10 14:54:22,834 [DEBUG] intrat in if
2025-12-10 14:54:22,834 [DEBUG] intrat in if
2025-12-10 14:54:22,834 [DEBUG] intrat in if
2025-12-10 14:54:22,834 [DEBUG] intrat in if
2025-12-10 14:54:22,834 [DEBUG] intrat in if
2025-12-10 14:54:22,834 [DEBUG] intrat in if
2025-12-10 14:54:22,835 [DEBUG] intrat in if
2025-12-10 14:54:22,835 [DEBUG] intrat in if
2025-12-10 14:54:22,835 [DEBUG] intrat in if
2025-12-10 14:54:22,835 [DEBUG] intrat in if
2025-12-10 14:54:22,835 [DEBUG] intrat in if
2025-12-10 14:54:22,835 [DEBUG] intrat in if
2025-12-10 14:54:22,835 [DEBUG] intrat in if
2025-12-10 14:54:22,836 [DEBUG] intrat in if
2025-12-10 14:54:22,836 [DEBUG] intrat in if
2025-12-10 14:54:22,836 [DEBUG] intrat in if
2025-12-10 14:54:22,836 [DEBUG] intrat in if
2025-12-10 14:54:22,836 [DEBUG] intrat in if
2025-12-10 14:54:22,836 [DEBUG] intrat in if
2025-12-10 14:54:22,836 [DEBUG] intrat in if
2025-12-10 14:54:22,837 [DEBUG] intrat in if
2025-12-10 14:54:22,837 [DEBUG] intrat in if
2025-12-10 14:54:22,837 [DEBUG] intrat in if
2025-12-10 14:54:22,837 [DEBUG] intrat in if
2025-12-10 14:54:22,837 [DEBUG] intrat in if
2025-12-10 14:54:22,837 [DEBUG] count_fixed 15
2025-12-10 14:54:23,028 [DEBUG] STREAM b'IHDR' 16 13
2025-12-10 14:54:23,028 [DEBUG] STREAM b'tEXt' 41 58
2025-12-10 14:54:23,028 [DEBUG] STREAM b'pHYs' 111 9
2025-12-10 14:54:23,029 [DEBUG] STREAM b'IDAT' 132 61056
2025-12-10 14:54:23,154 [DEBUG] STREAM b'IHDR' 16 13
2025-12-10 14:54:23,154 [DEBUG] STREAM b'tEXt' 41 58
2025-12-10 14:54:23,154 [DEBUG] STREAM b'pHYs' 111 9
2025-12-10 14:54:23,155 [DEBUG] STREAM b'IDAT' 132 54964
2025-12-10 14:54:23,314 [DEBUG] STREAM b'IHDR' 16 13
2025-12-10 14:54:23,314 [DEBUG] STREAM b'tEXt' 41 58
2025-12-10 14:54:23,314 [DEBUG] STREAM b'pHYs' 111 9
2025-12-10 14:54:23,314 [DEBUG] STREAM b'IDAT' 132 65536
2025-12-10 14:54:23,903 [DEBUG] STREAM b'IHDR' 16 13
2025-12-10 14:54:23,904 [DEBUG] STREAM b'tEXt' 41 58
2025-12-10 14:54:23,904 [DEBUG] STREAM b'pHYs' 111 9
2025-12-10 14:54:23,904 [DEBUG] STREAM b'IDAT' 132 65536
2025-12-10 14:54:25,890 [DEBUG] STREAM b'IHDR' 16 13
2025-12-10 14:54:25,890 [DEBUG] STREAM b'tEXt' 41 58
2025-12-10 14:54:25,892 [DEBUG] STREAM b'pHYs' 111 9
2025-12-10 14:54:25,892 [DEBUG] STREAM b'IDAT' 132 61056
2025-12-10 14:54:26,012 [DEBUG] STREAM b'IHDR' 16 13
2025-12-10 14:54:26,012 [DEBUG] STREAM b'tEXt' 41 58
2025-12-10 14:54:26,013 [DEBUG] STREAM b'pHYs' 111 9
2025-12-10 14:54:26,013 [DEBUG] STREAM b'IDAT' 132 54964
2025-12-10 14:54:26,179 [DEBUG] STREAM b'IHDR' 16 13
2025-12-10 14:54:26,180 [DEBUG] STREAM b'tEXt' 41 58
2025-12-10 14:54:26,180 [DEBUG] STREAM b'pHYs' 111 9
2025-12-10 14:54:26,180 [DEBUG] STREAM b'IDAT' 132 65536
2025-12-10 14:54:26,368 [DEBUG] STREAM b'IHDR' 16 13
2025-12-10 14:54:26,368 [DEBUG] STREAM b'tEXt' 41 58
2025-12-10 14:54:26,368 [DEBUG] STREAM b'pHYs' 111 9
2025-12-10 14:54:26,369 [DEBUG] STREAM b'IDAT' 132 65536
2025-12-10 14:54:27,675 [DEBUG] STREAM b'IHDR' 16 13
2025-12-10 14:54:27,675 [DEBUG] STREAM b'tEXt' 41 58
2025-12-10 14:54:27,675 [DEBUG] STREAM b'pHYs' 111 9
2025-12-10 14:54:27,676 [DEBUG] STREAM b'IDAT' 132 61056
2025-12-10 14:54:27,798 [DEBUG] STREAM b'IHDR' 16 13
2025-12-10 14:54:27,798 [DEBUG] STREAM b'tEXt' 41 58
2025-12-10 14:54:27,799 [DEBUG] STREAM b'pHYs' 111 9
2025-12-10 14:54:27,799 [DEBUG] STREAM b'IDAT' 132 54964
2025-12-10 14:54:27,961 [DEBUG] STREAM b'IHDR' 16 13
2025-12-10 14:54:27,962 [DEBUG] STREAM b'tEXt' 41 58
2025-12-10 14:54:27,962 [DEBUG] STREAM b'pHYs' 111 9
2025-12-10 14:54:27,962 [DEBUG] STREAM b'IDAT' 132 65536
2025-12-10 14:54:28,150 [DEBUG] STREAM b'IHDR' 16 13
2025-12-10 14:54:28,150 [DEBUG] STREAM b'tEXt' 41 58
2025-12-10 14:54:28,150 [DEBUG] STREAM b'pHYs' 111 9
2025-12-10 14:54:28,150 [DEBUG] STREAM b'IDAT' 132 65536
2025-12-10 14:54:37,169 [DEBUG] intrat in normalize_documents
2025-12-10 14:54:37,171 [DEBUG] intrat in if
2025-12-10 14:54:37,171 [DEBUG] intrat in if
2025-12-10 14:54:37,171 [DEBUG] intrat in if
2025-12-10 14:54:37,171 [DEBUG] intrat in if
2025-12-10 14:54:37,171 [DEBUG] intrat in if
2025-12-10 14:54:37,171 [DEBUG] intrat in if
2025-12-10 14:54:37,171 [DEBUG] intrat in if
2025-12-10 14:54:37,171 [DEBUG] intrat in if
2025-12-10 14:54:37,171 [DEBUG] intrat in if
2025-12-10 14:54:37,172 [DEBUG] intrat in if
2025-12-10 14:54:37,172 [DEBUG] intrat in if
2025-12-10 14:54:37,172 [DEBUG] intrat in if
2025-12-10 14:54:37,172 [DEBUG] intrat in if
2025-12-10 14:54:37,172 [DEBUG] intrat in if
2025-12-10 14:54:37,172 [DEBUG] intrat in if
2025-12-10 14:54:37,172 [DEBUG] intrat in if
2025-12-10 14:54:37,173 [DEBUG] intrat in if
2025-12-10 14:54:37,173 [DEBUG] intrat in if
2025-12-10 14:54:37,173 [DEBUG] intrat in if
2025-12-10 14:54:37,173 [DEBUG] intrat in if
2025-12-10 14:54:37,173 [DEBUG] intrat in if
2025-12-10 14:54:37,173 [DEBUG] intrat in if
2025-12-10 14:54:37,174 [DEBUG] intrat in if
2025-12-10 14:54:37,174 [DEBUG] intrat in if
2025-12-10 14:54:37,174 [DEBUG] intrat in if
2025-12-10 14:54:37,174 [DEBUG] intrat in if
2025-12-10 14:54:37,174 [DEBUG] intrat in if
2025-12-10 14:54:37,174 [DEBUG] intrat in if
2025-12-10 14:54:37,174 [DEBUG] intrat in if
2025-12-10 14:54:37,175 [DEBUG] intrat in if
2025-12-10 14:54:37,175 [DEBUG] intrat in if
2025-12-10 14:54:37,175 [DEBUG] intrat in if
2025-12-10 14:54:37,175 [DEBUG] intrat in if
2025-12-10 14:54:37,175 [DEBUG] intrat in if
2025-12-10 14:54:37,175 [DEBUG] intrat in if
2025-12-10 14:54:37,175 [DEBUG] intrat in if
2025-12-10 14:54:37,175 [DEBUG] intrat in if
2025-12-10 14:54:37,175 [DEBUG] intrat in if
2025-12-10 14:54:37,176 [DEBUG] intrat in if
2025-12-10 14:54:37,176 [DEBUG] intrat in if
2025-12-10 14:54:37,176 [DEBUG] intrat in if
2025-12-10 14:54:37,176 [DEBUG] intrat in if
2025-12-10 14:54:37,176 [DEBUG] intrat in if
2025-12-10 14:54:37,176 [DEBUG] intrat in if
2025-12-10 14:54:37,176 [DEBUG] intrat in if
2025-12-10 14:54:37,176 [DEBUG] intrat in if
2025-12-10 14:54:37,178 [DEBUG] intrat in if
2025-12-10 14:54:37,178 [DEBUG] intrat in if
2025-12-10 14:54:37,178 [DEBUG] intrat in if
2025-12-10 14:54:37,178 [DEBUG] intrat in if
2025-12-10 14:54:37,178 [DEBUG] intrat in if
2025-12-10 14:54:37,178 [DEBUG] intrat in if
2025-12-10 14:54:37,178 [DEBUG] intrat in if
2025-12-10 14:54:37,178 [DEBUG] intrat in if
2025-12-10 14:54:37,179 [DEBUG] intrat in if
2025-12-10 14:54:37,179 [DEBUG] intrat in if
2025-12-10 14:54:37,179 [DEBUG] intrat in if
2025-12-10 14:54:37,179 [DEBUG] intrat in if
2025-12-10 14:54:37,179 [DEBUG] intrat in if
2025-12-10 14:54:37,179 [DEBUG] intrat in if
2025-12-10 14:54:37,179 [DEBUG] intrat in if
2025-12-10 14:54:37,179 [DEBUG] intrat in if
2025-12-10 14:54:37,179 [DEBUG] intrat in if
2025-12-10 14:54:37,180 [DEBUG] intrat in if
2025-12-10 14:54:37,180 [DEBUG] intrat in if
2025-12-10 14:54:37,180 [DEBUG] intrat in if
2025-12-10 14:54:37,180 [DEBUG] intrat in if
2025-12-10 14:54:37,180 [DEBUG] intrat in if
2025-12-10 14:54:37,180 [DEBUG] intrat in if
2025-12-10 14:54:37,180 [DEBUG] intrat in if
2025-12-10 14:54:37,180 [DEBUG] intrat in if
2025-12-10 14:54:37,180 [DEBUG] intrat in if
2025-12-10 14:54:37,182 [DEBUG] intrat in if
2025-12-10 14:54:37,182 [DEBUG] intrat in if
2025-12-10 14:54:37,182 [DEBUG] intrat in if
2025-12-10 14:54:37,182 [DEBUG] intrat in if
2025-12-10 14:54:37,182 [DEBUG] intrat in if
2025-12-10 14:54:37,182 [DEBUG] intrat in if
2025-12-10 14:54:37,183 [DEBUG] intrat in if
2025-12-10 14:54:37,183 [DEBUG] intrat in if
2025-12-10 14:54:37,183 [DEBUG] intrat in if
2025-12-10 14:54:37,183 [DEBUG] intrat in if
2025-12-10 14:54:37,183 [DEBUG] intrat in if
2025-12-10 14:54:37,183 [DEBUG] intrat in if
2025-12-10 14:54:37,183 [DEBUG] intrat in if
2025-12-10 14:54:37,183 [DEBUG] intrat in if
2025-12-10 14:54:37,183 [DEBUG] intrat in if
2025-12-10 14:54:37,185 [DEBUG] intrat in if
2025-12-10 14:54:37,185 [DEBUG] intrat in if
2025-12-10 14:54:37,185 [DEBUG] intrat in if
2025-12-10 14:54:37,185 [DEBUG] intrat in if
2025-12-10 14:54:37,185 [DEBUG] intrat in if
2025-12-10 14:54:37,185 [DEBUG] intrat in if
2025-12-10 14:54:37,186 [DEBUG] intrat in if
2025-12-10 14:54:37,186 [DEBUG] intrat in if
2025-12-10 14:54:37,186 [DEBUG] intrat in if
2025-12-10 14:54:37,186 [DEBUG] intrat in if
2025-12-10 14:54:37,186 [DEBUG] intrat in if
2025-12-10 14:54:37,186 [DEBUG] intrat in if
2025-12-10 14:54:37,187 [DEBUG] intrat in if
2025-12-10 14:54:37,187 [DEBUG] count_fixed 15
2025-12-10 14:54:37,378 [DEBUG] STREAM b'IHDR' 16 13
2025-12-10 14:54:37,378 [DEBUG] STREAM b'tEXt' 41 58
2025-12-10 14:54:37,378 [DEBUG] STREAM b'pHYs' 111 9
2025-12-10 14:54:37,378 [DEBUG] STREAM b'IDAT' 132 61056
2025-12-10 14:54:37,514 [DEBUG] STREAM b'IHDR' 16 13
2025-12-10 14:54:37,514 [DEBUG] STREAM b'tEXt' 41 58
2025-12-10 14:54:37,515 [DEBUG] STREAM b'pHYs' 111 9
2025-12-10 14:54:37,515 [DEBUG] STREAM b'IDAT' 132 54964
2025-12-10 14:54:37,684 [DEBUG] STREAM b'IHDR' 16 13
2025-12-10 14:54:37,684 [DEBUG] STREAM b'tEXt' 41 58
2025-12-10 14:54:37,684 [DEBUG] STREAM b'pHYs' 111 9
2025-12-10 14:54:37,684 [DEBUG] STREAM b'IDAT' 132 65536
2025-12-10 14:54:38,262 [DEBUG] STREAM b'IHDR' 16 13
2025-12-10 14:54:38,262 [DEBUG] STREAM b'tEXt' 41 58
2025-12-10 14:54:38,263 [DEBUG] STREAM b'pHYs' 111 9
2025-12-10 14:54:38,263 [DEBUG] STREAM b'IDAT' 132 65536
2025-12-10 14:54:40,836 [DEBUG] STREAM b'IHDR' 16 13
2025-12-10 14:54:40,836 [DEBUG] STREAM b'tEXt' 41 58
2025-12-10 14:54:40,836 [DEBUG] STREAM b'pHYs' 111 9
2025-12-10 14:54:40,837 [DEBUG] STREAM b'IDAT' 132 61056
2025-12-10 14:54:40,961 [DEBUG] STREAM b'IHDR' 16 13
2025-12-10 14:54:40,962 [DEBUG] STREAM b'tEXt' 41 58
2025-12-10 14:54:40,962 [DEBUG] STREAM b'pHYs' 111 9
2025-12-10 14:54:40,962 [DEBUG] STREAM b'IDAT' 132 54964
2025-12-10 14:54:41,124 [DEBUG] STREAM b'IHDR' 16 13
2025-12-10 14:54:41,124 [DEBUG] STREAM b'tEXt' 41 58
2025-12-10 14:54:41,125 [DEBUG] STREAM b'pHYs' 111 9
2025-12-10 14:54:41,125 [DEBUG] STREAM b'IDAT' 132 65536
2025-12-10 14:54:41,317 [DEBUG] STREAM b'IHDR' 16 13
2025-12-10 14:54:41,318 [DEBUG] STREAM b'tEXt' 41 58
2025-12-10 14:54:41,318 [DEBUG] STREAM b'pHYs' 111 9
2025-12-10 14:54:41,318 [DEBUG] STREAM b'IDAT' 132 65536
2025-12-10 14:54:44,340 [DEBUG] STREAM b'IHDR' 16 13
2025-12-10 14:54:44,341 [DEBUG] STREAM b'tEXt' 41 58
2025-12-10 14:54:44,341 [DEBUG] STREAM b'pHYs' 111 9
2025-12-10 14:54:44,341 [DEBUG] STREAM b'IDAT' 132 61056
2025-12-10 14:54:44,459 [DEBUG] STREAM b'IHDR' 16 13
2025-12-10 14:54:44,459 [DEBUG] STREAM b'tEXt' 41 58
2025-12-10 14:54:44,459 [DEBUG] STREAM b'pHYs' 111 9
2025-12-10 14:54:44,459 [DEBUG] STREAM b'IDAT' 132 54964
2025-12-10 14:54:44,619 [DEBUG] STREAM b'IHDR' 16 13
2025-12-10 14:54:44,619 [DEBUG] STREAM b'tEXt' 41 58
2025-12-10 14:54:44,620 [DEBUG] STREAM b'pHYs' 111 9
2025-12-10 14:54:44,620 [DEBUG] STREAM b'IDAT' 132 65536
2025-12-10 14:54:44,805 [DEBUG] STREAM b'IHDR' 16 13
2025-12-10 14:54:44,806 [DEBUG] STREAM b'tEXt' 41 58
2025-12-10 14:54:44,806 [DEBUG] STREAM b'pHYs' 111 9
2025-12-10 14:54:44,806 [DEBUG] STREAM b'IDAT' 132 65536
2025-12-10 14:54:45,822 [DEBUG] STREAM b'IHDR' 16 13
2025-12-10 14:54:45,822 [DEBUG] STREAM b'tEXt' 41 58
2025-12-10 14:54:45,823 [DEBUG] STREAM b'pHYs' 111 9
2025-12-10 14:54:45,823 [DEBUG] STREAM b'IDAT' 132 61056
2025-12-10 14:54:45,945 [DEBUG] STREAM b'IHDR' 16 13
2025-12-10 14:54:45,946 [DEBUG] STREAM b'tEXt' 41 58
2025-12-10 14:54:45,946 [DEBUG] STREAM b'pHYs' 111 9
2025-12-10 14:54:45,946 [DEBUG] STREAM b'IDAT' 132 54964
2025-12-10 14:54:46,104 [DEBUG] STREAM b'IHDR' 16 13
2025-12-10 14:54:46,104 [DEBUG] STREAM b'tEXt' 41 58
2025-12-10 14:54:46,105 [DEBUG] STREAM b'pHYs' 111 9
2025-12-10 14:54:46,105 [DEBUG] STREAM b'IDAT' 132 65536
2025-12-10 14:54:46,296 [DEBUG] STREAM b'IHDR' 16 13
2025-12-10 14:54:46,296 [DEBUG] STREAM b'tEXt' 41 58
2025-12-10 14:54:46,296 [DEBUG] STREAM b'pHYs' 111 9
2025-12-10 14:54:46,297 [DEBUG] STREAM b'IDAT' 132 65536
2025-12-10 14:54:47,204 [DEBUG] STREAM b'IHDR' 16 13
2025-12-10 14:54:47,204 [DEBUG] STREAM b'tEXt' 41 58
2025-12-10 14:54:47,206 [DEBUG] STREAM b'pHYs' 111 9
2025-12-10 14:54:47,206 [DEBUG] STREAM b'IDAT' 132 61056
2025-12-10 14:54:47,328 [DEBUG] STREAM b'IHDR' 16 13
2025-12-10 14:54:47,328 [DEBUG] STREAM b'tEXt' 41 58
2025-12-10 14:54:47,330 [DEBUG] STREAM b'pHYs' 111 9
2025-12-10 14:54:47,330 [DEBUG] STREAM b'IDAT' 132 54964
2025-12-10 14:54:47,496 [DEBUG] STREAM b'IHDR' 16 13
2025-12-10 14:54:47,496 [DEBUG] STREAM b'tEXt' 41 58
2025-12-10 14:54:47,496 [DEBUG] STREAM b'pHYs' 111 9
2025-12-10 14:54:47,497 [DEBUG] STREAM b'IDAT' 132 65536
2025-12-10 14:54:47,689 [DEBUG] STREAM b'IHDR' 16 13
2025-12-10 14:54:47,690 [DEBUG] STREAM b'tEXt' 41 58
2025-12-10 14:54:47,690 [DEBUG] STREAM b'pHYs' 111 9
2025-12-10 14:54:47,690 [DEBUG] STREAM b'IDAT' 132 65536
2025-12-10 14:54:48,124 [DEBUG] STREAM b'IHDR' 16 13
2025-12-10 14:54:48,124 [DEBUG] STREAM b'tEXt' 41 58
2025-12-10 14:54:48,124 [DEBUG] STREAM b'pHYs' 111 9
2025-12-10 14:54:48,125 [DEBUG] STREAM b'IDAT' 132 61056
2025-12-10 14:54:48,251 [DEBUG] STREAM b'IHDR' 16 13
2025-12-10 14:54:48,251 [DEBUG] STREAM b'tEXt' 41 58
2025-12-10 14:54:48,251 [DEBUG] STREAM b'pHYs' 111 9
2025-12-10 14:54:48,252 [DEBUG] STREAM b'IDAT' 132 54964
2025-12-10 14:54:48,419 [DEBUG] STREAM b'IHDR' 16 13
2025-12-10 14:54:48,419 [DEBUG] STREAM b'tEXt' 41 58
2025-12-10 14:54:48,419 [DEBUG] STREAM b'pHYs' 111 9
2025-12-10 14:54:48,419 [DEBUG] STREAM b'IDAT' 132 65536
2025-12-10 14:54:48,621 [DEBUG] STREAM b'IHDR' 16 13
2025-12-10 14:54:48,621 [DEBUG] STREAM b'tEXt' 41 58
2025-12-10 14:54:48,621 [DEBUG] STREAM b'pHYs' 111 9
2025-12-10 14:54:48,622 [DEBUG] STREAM b'IDAT' 132 65536
2025-12-10 14:54:58,910 [DEBUG] intrat in normalize_documents
2025-12-10 14:54:58,910 [DEBUG] intrat in if
2025-12-10 14:54:58,910 [DEBUG] intrat in if
2025-12-10 14:54:58,910 [DEBUG] intrat in if
2025-12-10 14:54:58,910 [DEBUG] intrat in if
2025-12-10 14:54:58,910 [DEBUG] intrat in if
2025-12-10 14:54:58,911 [DEBUG] intrat in if
2025-12-10 14:54:58,911 [DEBUG] intrat in if
2025-12-10 14:54:58,911 [DEBUG] intrat in if
2025-12-10 14:54:58,911 [DEBUG] intrat in if
2025-12-10 14:54:58,911 [DEBUG] intrat in if
2025-12-10 14:54:58,911 [DEBUG] intrat in if
2025-12-10 14:54:58,911 [DEBUG] intrat in if
2025-12-10 14:54:58,911 [DEBUG] intrat in if
2025-12-10 14:54:58,911 [DEBUG] intrat in if
2025-12-10 14:54:58,911 [DEBUG] intrat in if
2025-12-10 14:54:58,912 [DEBUG] intrat in if
2025-12-10 14:54:58,912 [DEBUG] intrat in if
2025-12-10 14:54:58,912 [DEBUG] intrat in if
2025-12-10 14:54:58,912 [DEBUG] intrat in if
2025-12-10 14:54:58,912 [DEBUG] intrat in if
2025-12-10 14:54:58,912 [DEBUG] intrat in if
2025-12-10 14:54:58,912 [DEBUG] intrat in if
2025-12-10 14:54:58,912 [DEBUG] intrat in if
2025-12-10 14:54:58,912 [DEBUG] intrat in if
2025-12-10 14:54:58,914 [DEBUG] intrat in if
2025-12-10 14:54:58,914 [DEBUG] intrat in if
2025-12-10 14:54:58,914 [DEBUG] intrat in if
2025-12-10 14:54:58,914 [DEBUG] intrat in if
2025-12-10 14:54:58,914 [DEBUG] intrat in if
2025-12-10 14:54:58,914 [DEBUG] intrat in if
2025-12-10 14:54:58,914 [DEBUG] intrat in if
2025-12-10 14:54:58,915 [DEBUG] intrat in if
2025-12-10 14:54:58,915 [DEBUG] intrat in if
2025-12-10 14:54:58,915 [DEBUG] intrat in if
2025-12-10 14:54:58,915 [DEBUG] intrat in if
2025-12-10 14:54:58,915 [DEBUG] intrat in if
2025-12-10 14:54:58,915 [DEBUG] intrat in if
2025-12-10 14:54:58,916 [DEBUG] intrat in if
2025-12-10 14:54:58,916 [DEBUG] intrat in if
2025-12-10 14:54:58,916 [DEBUG] intrat in if
2025-12-10 14:54:58,916 [DEBUG] intrat in if
2025-12-10 14:54:58,916 [DEBUG] intrat in if
2025-12-10 14:54:58,916 [DEBUG] intrat in if
2025-12-10 14:54:58,917 [DEBUG] intrat in if
2025-12-10 14:54:58,917 [DEBUG] intrat in if
2025-12-10 14:54:58,917 [DEBUG] intrat in if
2025-12-10 14:54:58,917 [DEBUG] intrat in if
2025-12-10 14:54:58,917 [DEBUG] intrat in if
2025-12-10 14:54:58,917 [DEBUG] intrat in if
2025-12-10 14:54:58,917 [DEBUG] intrat in if
2025-12-10 14:54:58,917 [DEBUG] intrat in if
2025-12-10 14:54:58,918 [DEBUG] intrat in if
2025-12-10 14:54:58,918 [DEBUG] intrat in if
2025-12-10 14:54:58,918 [DEBUG] intrat in if
2025-12-10 14:54:58,918 [DEBUG] intrat in if
2025-12-10 14:54:58,918 [DEBUG] intrat in if
2025-12-10 14:54:58,918 [DEBUG] intrat in if
2025-12-10 14:54:58,918 [DEBUG] intrat in if
2025-12-10 14:54:58,919 [DEBUG] intrat in if
2025-12-10 14:54:58,919 [DEBUG] intrat in if
2025-12-10 14:54:58,919 [DEBUG] intrat in if
2025-12-10 14:54:58,919 [DEBUG] intrat in if
2025-12-10 14:54:58,919 [DEBUG] intrat in if
2025-12-10 14:54:58,919 [DEBUG] intrat in if
2025-12-10 14:54:58,919 [DEBUG] intrat in if
2025-12-10 14:54:58,920 [DEBUG] intrat in if
2025-12-10 14:54:58,920 [DEBUG] intrat in if
2025-12-10 14:54:58,920 [DEBUG] intrat in if
2025-12-10 14:54:58,920 [DEBUG] intrat in if
2025-12-10 14:54:58,920 [DEBUG] intrat in if
2025-12-10 14:54:58,920 [DEBUG] intrat in if
2025-12-10 14:54:58,920 [DEBUG] intrat in if
2025-12-10 14:54:58,921 [DEBUG] intrat in if
2025-12-10 14:54:58,921 [DEBUG] intrat in if
2025-12-10 14:54:58,921 [DEBUG] intrat in if
2025-12-10 14:54:58,921 [DEBUG] intrat in if
2025-12-10 14:54:58,922 [DEBUG] intrat in if
2025-12-10 14:54:58,922 [DEBUG] intrat in if
2025-12-10 14:54:58,922 [DEBUG] intrat in if
2025-12-10 14:54:58,922 [DEBUG] intrat in if
2025-12-10 14:54:58,922 [DEBUG] intrat in if
2025-12-10 14:54:58,922 [DEBUG] intrat in if
2025-12-10 14:54:58,922 [DEBUG] intrat in if
2025-12-10 14:54:58,923 [DEBUG] intrat in if
2025-12-10 14:54:58,923 [DEBUG] intrat in if
2025-12-10 14:54:58,923 [DEBUG] intrat in if
2025-12-10 14:54:58,923 [DEBUG] intrat in if
2025-12-10 14:54:58,924 [DEBUG] intrat in if
2025-12-10 14:54:58,924 [DEBUG] intrat in if
2025-12-10 14:54:58,924 [DEBUG] intrat in if
2025-12-10 14:54:58,924 [DEBUG] intrat in if
2025-12-10 14:54:58,924 [DEBUG] intrat in if
2025-12-10 14:54:58,924 [DEBUG] intrat in if
2025-12-10 14:54:58,924 [DEBUG] intrat in if
2025-12-10 14:54:58,925 [DEBUG] intrat in if
2025-12-10 14:54:58,925 [DEBUG] intrat in if
2025-12-10 14:54:58,925 [DEBUG] intrat in if
2025-12-10 14:54:58,925 [DEBUG] intrat in if
2025-12-10 14:54:58,925 [DEBUG] intrat in if
2025-12-10 14:54:58,926 [DEBUG] intrat in if
2025-12-10 14:54:58,926 [DEBUG] count_fixed 15
2025-12-10 14:54:59,122 [DEBUG] STREAM b'IHDR' 16 13
2025-12-10 14:54:59,122 [DEBUG] STREAM b'tEXt' 41 58
2025-12-10 14:54:59,122 [DEBUG] STREAM b'pHYs' 111 9
2025-12-10 14:54:59,122 [DEBUG] STREAM b'IDAT' 132 61056
2025-12-10 14:54:59,259 [DEBUG] STREAM b'IHDR' 16 13
2025-12-10 14:54:59,259 [DEBUG] STREAM b'tEXt' 41 58
2025-12-10 14:54:59,260 [DEBUG] STREAM b'pHYs' 111 9
2025-12-10 14:54:59,260 [DEBUG] STREAM b'IDAT' 132 54964
2025-12-10 14:54:59,423 [DEBUG] STREAM b'IHDR' 16 13
2025-12-10 14:54:59,423 [DEBUG] STREAM b'tEXt' 41 58
2025-12-10 14:54:59,423 [DEBUG] STREAM b'pHYs' 111 9
2025-12-10 14:54:59,424 [DEBUG] STREAM b'IDAT' 132 65536
2025-12-10 14:55:00,052 [DEBUG] STREAM b'IHDR' 16 13
2025-12-10 14:55:00,052 [DEBUG] STREAM b'tEXt' 41 58
2025-12-10 14:55:00,053 [DEBUG] STREAM b'pHYs' 111 9
2025-12-10 14:55:00,053 [DEBUG] STREAM b'IDAT' 132 65536
2025-12-10 14:55:02,405 [DEBUG] STREAM b'IHDR' 16 13
2025-12-10 14:55:02,405 [DEBUG] STREAM b'tEXt' 41 58
2025-12-10 14:55:02,406 [DEBUG] STREAM b'pHYs' 111 9
2025-12-10 14:55:02,406 [DEBUG] STREAM b'IDAT' 132 61056
2025-12-10 14:55:02,531 [DEBUG] STREAM b'IHDR' 16 13
2025-12-10 14:55:02,531 [DEBUG] STREAM b'tEXt' 41 58
2025-12-10 14:55:02,531 [DEBUG] STREAM b'pHYs' 111 9
2025-12-10 14:55:02,533 [DEBUG] STREAM b'IDAT' 132 54964
2025-12-10 14:55:02,692 [DEBUG] STREAM b'IHDR' 16 13
2025-12-10 14:55:02,692 [DEBUG] STREAM b'tEXt' 41 58
2025-12-10 14:55:02,692 [DEBUG] STREAM b'pHYs' 111 9
2025-12-10 14:55:02,692 [DEBUG] STREAM b'IDAT' 132 65536
2025-12-10 14:55:02,885 [DEBUG] STREAM b'IHDR' 16 13
2025-12-10 14:55:02,885 [DEBUG] STREAM b'tEXt' 41 58
2025-12-10 14:55:02,885 [DEBUG] STREAM b'pHYs' 111 9
2025-12-10 14:55:02,886 [DEBUG] STREAM b'IDAT' 132 65536
2025-12-10 14:55:03,894 [DEBUG] STREAM b'IHDR' 16 13
2025-12-10 14:55:03,894 [DEBUG] STREAM b'tEXt' 41 58
2025-12-10 14:55:03,895 [DEBUG] STREAM b'pHYs' 111 9
2025-12-10 14:55:03,895 [DEBUG] STREAM b'IDAT' 132 61056
2025-12-10 14:55:04,041 [DEBUG] STREAM b'IHDR' 16 13
2025-12-10 14:55:04,041 [DEBUG] STREAM b'tEXt' 41 58
2025-12-10 14:55:04,041 [DEBUG] STREAM b'pHYs' 111 9
2025-12-10 14:55:04,041 [DEBUG] STREAM b'IDAT' 132 54964
2025-12-10 14:55:04,234 [DEBUG] STREAM b'IHDR' 16 13
2025-12-10 14:55:04,234 [DEBUG] STREAM b'tEXt' 41 58
2025-12-10 14:55:04,234 [DEBUG] STREAM b'pHYs' 111 9
2025-12-10 14:55:04,234 [DEBUG] STREAM b'IDAT' 132 65536
2025-12-10 14:55:04,428 [DEBUG] STREAM b'IHDR' 16 13
2025-12-10 14:55:04,429 [DEBUG] STREAM b'tEXt' 41 58
2025-12-10 14:55:04,429 [DEBUG] STREAM b'pHYs' 111 9
2025-12-10 14:55:04,429 [DEBUG] STREAM b'IDAT' 132 65536
2025-12-10 14:55:04,798 [DEBUG] intrat in normalize_documents
2025-12-10 14:55:04,799 [DEBUG] intrat in if
2025-12-10 14:55:04,799 [DEBUG] intrat in if
2025-12-10 14:55:04,800 [DEBUG] intrat in if
2025-12-10 14:55:04,800 [DEBUG] intrat in if
2025-12-10 14:55:04,800 [DEBUG] intrat in if
2025-12-10 14:55:04,800 [DEBUG] intrat in if
2025-12-10 14:55:04,800 [DEBUG] intrat in if
2025-12-10 14:55:04,800 [DEBUG] intrat in if
2025-12-10 14:55:04,800 [DEBUG] intrat in if
2025-12-10 14:55:04,800 [DEBUG] intrat in if
2025-12-10 14:55:04,800 [DEBUG] intrat in if
2025-12-10 14:55:04,802 [DEBUG] intrat in if
2025-12-10 14:55:04,802 [DEBUG] intrat in if
2025-12-10 14:55:04,802 [DEBUG] intrat in if
2025-12-10 14:55:04,802 [DEBUG] intrat in if
2025-12-10 14:55:04,802 [DEBUG] intrat in if
2025-12-10 14:55:04,802 [DEBUG] intrat in if
2025-12-10 14:55:04,802 [DEBUG] intrat in if
2025-12-10 14:55:04,803 [DEBUG] intrat in if
2025-12-10 14:55:04,803 [DEBUG] intrat in if
2025-12-10 14:55:04,803 [DEBUG] intrat in if
2025-12-10 14:55:04,803 [DEBUG] intrat in if
2025-12-10 14:55:04,803 [DEBUG] intrat in if
2025-12-10 14:55:04,803 [DEBUG] intrat in if
2025-12-10 14:55:04,804 [DEBUG] intrat in if
2025-12-10 14:55:04,804 [DEBUG] intrat in if
2025-12-10 14:55:04,804 [DEBUG] intrat in if
2025-12-10 14:55:04,804 [DEBUG] intrat in if
2025-12-10 14:55:04,804 [DEBUG] intrat in if
2025-12-10 14:55:04,804 [DEBUG] intrat in if
2025-12-10 14:55:04,804 [DEBUG] intrat in if
2025-12-10 14:55:04,804 [DEBUG] intrat in if
2025-12-10 14:55:04,804 [DEBUG] intrat in if
2025-12-10 14:55:04,805 [DEBUG] intrat in if
2025-12-10 14:55:04,805 [DEBUG] intrat in if
2025-12-10 14:55:04,805 [DEBUG] intrat in if
2025-12-10 14:55:04,805 [DEBUG] intrat in if
2025-12-10 14:55:04,805 [DEBUG] intrat in if
2025-12-10 14:55:04,805 [DEBUG] intrat in if
2025-12-10 14:55:04,806 [DEBUG] intrat in if
2025-12-10 14:55:04,806 [DEBUG] intrat in if
2025-12-10 14:55:04,806 [DEBUG] intrat in if
2025-12-10 14:55:04,806 [DEBUG] intrat in if
2025-12-10 14:55:04,806 [DEBUG] intrat in if
2025-12-10 14:55:04,806 [DEBUG] intrat in if
2025-12-10 14:55:04,807 [DEBUG] intrat in if
2025-12-10 14:55:04,807 [DEBUG] intrat in if
2025-12-10 14:55:04,807 [DEBUG] intrat in if
2025-12-10 14:55:04,807 [DEBUG] intrat in if
2025-12-10 14:55:04,807 [DEBUG] intrat in if
2025-12-10 14:55:04,807 [DEBUG] intrat in if
2025-12-10 14:55:04,808 [DEBUG] intrat in if
2025-12-10 14:55:04,808 [DEBUG] intrat in if
2025-12-10 14:55:04,808 [DEBUG] intrat in if
2025-12-10 14:55:04,808 [DEBUG] intrat in if
2025-12-10 14:55:04,808 [DEBUG] intrat in if
2025-12-10 14:55:04,808 [DEBUG] intrat in if
2025-12-10 14:55:04,808 [DEBUG] intrat in if
2025-12-10 14:55:04,808 [DEBUG] intrat in if
2025-12-10 14:55:04,808 [DEBUG] intrat in if
2025-12-10 14:55:04,810 [DEBUG] intrat in if
2025-12-10 14:55:04,810 [DEBUG] intrat in if
2025-12-10 14:55:04,810 [DEBUG] intrat in if
2025-12-10 14:55:04,810 [DEBUG] intrat in if
2025-12-10 14:55:04,810 [DEBUG] intrat in if
2025-12-10 14:55:04,810 [DEBUG] intrat in if
2025-12-10 14:55:04,810 [DEBUG] intrat in if
2025-12-10 14:55:04,811 [DEBUG] intrat in if
2025-12-10 14:55:04,811 [DEBUG] intrat in if
2025-12-10 14:55:04,811 [DEBUG] intrat in if
2025-12-10 14:55:04,811 [DEBUG] intrat in if
2025-12-10 14:55:04,811 [DEBUG] intrat in if
2025-12-10 14:55:04,811 [DEBUG] intrat in if
2025-12-10 14:55:04,812 [DEBUG] intrat in if
2025-12-10 14:55:04,812 [DEBUG] intrat in if
2025-12-10 14:55:04,812 [DEBUG] intrat in if
2025-12-10 14:55:04,812 [DEBUG] intrat in if
2025-12-10 14:55:04,812 [DEBUG] intrat in if
2025-12-10 14:55:04,812 [DEBUG] intrat in if
2025-12-10 14:55:04,812 [DEBUG] intrat in if
2025-12-10 14:55:04,813 [DEBUG] intrat in if
2025-12-10 14:55:04,813 [DEBUG] intrat in if
2025-12-10 14:55:04,813 [DEBUG] intrat in if
2025-12-10 14:55:04,813 [DEBUG] intrat in if
2025-12-10 14:55:04,813 [DEBUG] intrat in if
2025-12-10 14:55:04,813 [DEBUG] intrat in if
2025-12-10 14:55:04,814 [DEBUG] intrat in if
2025-12-10 14:55:04,814 [DEBUG] intrat in if
2025-12-10 14:55:04,814 [DEBUG] intrat in if
2025-12-10 14:55:04,814 [DEBUG] intrat in if
2025-12-10 14:55:04,814 [DEBUG] intrat in if
2025-12-10 14:55:04,814 [DEBUG] intrat in if
2025-12-10 14:55:04,814 [DEBUG] intrat in if
2025-12-10 14:55:04,814 [DEBUG] intrat in if
2025-12-10 14:55:04,814 [DEBUG] intrat in if
2025-12-10 14:55:04,815 [DEBUG] intrat in if
2025-12-10 14:55:04,815 [DEBUG] intrat in if
2025-12-10 14:55:04,815 [DEBUG] intrat in if
2025-12-10 14:55:04,815 [DEBUG] intrat in if
2025-12-10 14:55:04,815 [DEBUG] intrat in if
2025-12-10 14:55:04,815 [DEBUG] count_fixed 15
2025-12-10 14:55:05,015 [DEBUG] STREAM b'IHDR' 16 13
2025-12-10 14:55:05,015 [DEBUG] STREAM b'tEXt' 41 58
2025-12-10 14:55:05,015 [DEBUG] STREAM b'pHYs' 111 9
2025-12-10 14:55:05,016 [DEBUG] STREAM b'IDAT' 132 61056
2025-12-10 14:55:05,147 [DEBUG] STREAM b'IHDR' 16 13
2025-12-10 14:55:05,148 [DEBUG] STREAM b'tEXt' 41 58
2025-12-10 14:55:05,148 [DEBUG] STREAM b'pHYs' 111 9
2025-12-10 14:55:05,148 [DEBUG] STREAM b'IDAT' 132 54964
2025-12-10 14:55:05,313 [DEBUG] STREAM b'IHDR' 16 13
2025-12-10 14:55:05,314 [DEBUG] STREAM b'tEXt' 41 58
2025-12-10 14:55:05,314 [DEBUG] STREAM b'pHYs' 111 9
2025-12-10 14:55:05,314 [DEBUG] STREAM b'IDAT' 132 65536
2025-12-10 14:55:05,891 [DEBUG] STREAM b'IHDR' 16 13
2025-12-10 14:55:05,891 [DEBUG] STREAM b'tEXt' 41 58
2025-12-10 14:55:05,892 [DEBUG] STREAM b'pHYs' 111 9
2025-12-10 14:55:05,892 [DEBUG] STREAM b'IDAT' 132 65536
2025-12-10 14:55:07,657 [DEBUG] STREAM b'IHDR' 16 13
2025-12-10 14:55:07,658 [DEBUG] STREAM b'tEXt' 41 58
2025-12-10 14:55:07,658 [DEBUG] STREAM b'pHYs' 111 9
2025-12-10 14:55:07,658 [DEBUG] STREAM b'IDAT' 132 61056
2025-12-10 14:55:07,784 [DEBUG] STREAM b'IHDR' 16 13
2025-12-10 14:55:07,785 [DEBUG] STREAM b'tEXt' 41 58
2025-12-10 14:55:07,785 [DEBUG] STREAM b'pHYs' 111 9
2025-12-10 14:55:07,785 [DEBUG] STREAM b'IDAT' 132 54964
2025-12-10 14:55:07,948 [DEBUG] STREAM b'IHDR' 16 13
2025-12-10 14:55:07,948 [DEBUG] STREAM b'tEXt' 41 58
2025-12-10 14:55:07,949 [DEBUG] STREAM b'pHYs' 111 9
2025-12-10 14:55:07,949 [DEBUG] STREAM b'IDAT' 132 65536
2025-12-10 14:55:08,144 [DEBUG] STREAM b'IHDR' 16 13
2025-12-10 14:55:08,144 [DEBUG] STREAM b'tEXt' 41 58
2025-12-10 14:55:08,144 [DEBUG] STREAM b'pHYs' 111 9
2025-12-10 14:55:08,144 [DEBUG] STREAM b'IDAT' 132 65536
2025-12-10 15:02:50,391 [DEBUG] STREAM b'IHDR' 16 13
2025-12-10 15:02:50,391 [DEBUG] STREAM b'tEXt' 41 58
2025-12-10 15:02:50,391 [DEBUG] STREAM b'pHYs' 111 9
2025-12-10 15:02:50,391 [DEBUG] STREAM b'IDAT' 132 61056
2025-12-10 15:02:50,514 [DEBUG] STREAM b'IHDR' 16 13
2025-12-10 15:02:50,514 [DEBUG] STREAM b'tEXt' 41 58
2025-12-10 15:02:50,514 [DEBUG] STREAM b'pHYs' 111 9
2025-12-10 15:02:50,514 [DEBUG] STREAM b'IDAT' 132 54964
2025-12-10 15:02:50,673 [DEBUG] STREAM b'IHDR' 16 13
2025-12-10 15:02:50,673 [DEBUG] STREAM b'tEXt' 41 58
2025-12-10 15:02:50,673 [DEBUG] STREAM b'pHYs' 111 9
2025-12-10 15:02:50,673 [DEBUG] STREAM b'IDAT' 132 65536
2025-12-10 15:02:50,871 [DEBUG] STREAM b'IHDR' 16 13
2025-12-10 15:02:50,871 [DEBUG] STREAM b'tEXt' 41 58
2025-12-10 15:02:50,872 [DEBUG] STREAM b'pHYs' 111 9
2025-12-10 15:02:50,872 [DEBUG] STREAM b'IDAT' 132 65536
2025-12-10 15:02:51,830 [DEBUG] STREAM b'IHDR' 16 13
2025-12-10 15:02:51,830 [DEBUG] STREAM b'tEXt' 41 58
2025-12-10 15:02:51,830 [DEBUG] STREAM b'pHYs' 111 9
2025-12-10 15:02:51,830 [DEBUG] STREAM b'IDAT' 132 61056
2025-12-10 15:02:51,956 [DEBUG] STREAM b'IHDR' 16 13
2025-12-10 15:02:51,956 [DEBUG] STREAM b'tEXt' 41 58
2025-12-10 15:02:51,956 [DEBUG] STREAM b'pHYs' 111 9
2025-12-10 15:02:51,957 [DEBUG] STREAM b'IDAT' 132 54964
2025-12-10 15:02:52,120 [DEBUG] STREAM b'IHDR' 16 13
2025-12-10 15:02:52,120 [DEBUG] STREAM b'tEXt' 41 58
2025-12-10 15:02:52,120 [DEBUG] STREAM b'pHYs' 111 9
2025-12-10 15:02:52,120 [DEBUG] STREAM b'IDAT' 132 65536
2025-12-10 15:02:52,310 [DEBUG] STREAM b'IHDR' 16 13
2025-12-10 15:02:52,310 [DEBUG] STREAM b'tEXt' 41 58
2025-12-10 15:02:52,311 [DEBUG] STREAM b'pHYs' 111 9
2025-12-10 15:02:52,311 [DEBUG] STREAM b'IDAT' 132 65536
2025-12-10 15:02:52,764 [DEBUG] STREAM b'IHDR' 16 13
2025-12-10 15:02:52,764 [DEBUG] STREAM b'tEXt' 41 58
2025-12-10 15:02:52,764 [DEBUG] STREAM b'pHYs' 111 9
2025-12-10 15:02:52,764 [DEBUG] STREAM b'IDAT' 132 61056
2025-12-10 15:02:52,936 [DEBUG] STREAM b'IHDR' 16 13
2025-12-10 15:02:52,936 [DEBUG] STREAM b'tEXt' 41 58
2025-12-10 15:02:52,936 [DEBUG] STREAM b'pHYs' 111 9
2025-12-10 15:02:52,936 [DEBUG] STREAM b'IDAT' 132 54964
2025-12-10 15:02:53,126 [DEBUG] STREAM b'IHDR' 16 13
2025-12-10 15:02:53,127 [DEBUG] STREAM b'tEXt' 41 58
2025-12-10 15:02:53,127 [DEBUG] STREAM b'pHYs' 111 9
2025-12-10 15:02:53,127 [DEBUG] STREAM b'IDAT' 132 65536
2025-12-10 15:02:53,315 [DEBUG] STREAM b'IHDR' 16 13
2025-12-10 15:02:53,315 [DEBUG] STREAM b'tEXt' 41 58
2025-12-10 15:02:53,316 [DEBUG] STREAM b'pHYs' 111 9
2025-12-10 15:02:53,316 [DEBUG] STREAM b'IDAT' 132 65536
2025-12-10 15:02:53,755 [DEBUG] STREAM b'IHDR' 16 13
2025-12-10 15:02:53,755 [DEBUG] STREAM b'tEXt' 41 58
2025-12-10 15:02:53,755 [DEBUG] STREAM b'pHYs' 111 9
2025-12-10 15:02:53,756 [DEBUG] STREAM b'IDAT' 132 60587
2025-12-10 15:02:53,878 [DEBUG] STREAM b'IHDR' 16 13
2025-12-10 15:02:53,879 [DEBUG] STREAM b'tEXt' 41 58
2025-12-10 15:02:53,879 [DEBUG] STREAM b'pHYs' 111 9
2025-12-10 15:02:53,879 [DEBUG] STREAM b'IDAT' 132 55319
2025-12-10 15:02:54,063 [DEBUG] STREAM b'IHDR' 16 13
2025-12-10 15:02:54,064 [DEBUG] STREAM b'tEXt' 41 58
2025-12-10 15:02:54,064 [DEBUG] STREAM b'pHYs' 111 9
2025-12-10 15:02:54,064 [DEBUG] STREAM b'IDAT' 132 65536
2025-12-10 15:02:54,627 [DEBUG] STREAM b'IHDR' 16 13
2025-12-10 15:02:54,628 [DEBUG] STREAM b'tEXt' 41 58
2025-12-10 15:02:54,628 [DEBUG] STREAM b'pHYs' 111 9
2025-12-10 15:02:54,628 [DEBUG] STREAM b'IDAT' 132 65536
2025-12-10 15:02:57,801 [DEBUG] STREAM b'IHDR' 16 13
2025-12-10 15:02:57,801 [DEBUG] STREAM b'tEXt' 41 58
2025-12-10 15:02:57,801 [DEBUG] STREAM b'pHYs' 111 9
2025-12-10 15:02:57,802 [DEBUG] STREAM b'IDAT' 132 60587
2025-12-10 15:02:57,927 [DEBUG] STREAM b'IHDR' 16 13
2025-12-10 15:02:57,927 [DEBUG] STREAM b'tEXt' 41 58
2025-12-10 15:02:57,927 [DEBUG] STREAM b'pHYs' 111 9
2025-12-10 15:02:57,928 [DEBUG] STREAM b'IDAT' 132 55319
2025-12-10 15:02:58,116 [DEBUG] STREAM b'IHDR' 16 13
2025-12-10 15:02:58,116 [DEBUG] STREAM b'tEXt' 41 58
2025-12-10 15:02:58,116 [DEBUG] STREAM b'pHYs' 111 9
2025-12-10 15:02:58,117 [DEBUG] STREAM b'IDAT' 132 65536
2025-12-10 15:02:58,300 [DEBUG] STREAM b'IHDR' 16 13
2025-12-10 15:02:58,300 [DEBUG] STREAM b'tEXt' 41 58
2025-12-10 15:02:58,300 [DEBUG] STREAM b'pHYs' 111 9
2025-12-10 15:02:58,300 [DEBUG] STREAM b'IDAT' 132 65536
2025-12-10 15:03:00,212 [DEBUG] STREAM b'IHDR' 16 13
2025-12-10 15:03:00,212 [DEBUG] STREAM b'tEXt' 41 58
2025-12-10 15:03:00,218 [DEBUG] STREAM b'pHYs' 111 9
2025-12-10 15:03:00,218 [DEBUG] STREAM b'IDAT' 132 60587
2025-12-10 15:03:00,337 [DEBUG] STREAM b'IHDR' 16 13
2025-12-10 15:03:00,337 [DEBUG] STREAM b'tEXt' 41 58
2025-12-10 15:03:00,337 [DEBUG] STREAM b'pHYs' 111 9
2025-12-10 15:03:00,338 [DEBUG] STREAM b'IDAT' 132 55319
2025-12-10 15:03:00,511 [DEBUG] STREAM b'IHDR' 16 13
2025-12-10 15:03:00,512 [DEBUG] STREAM b'tEXt' 41 58
2025-12-10 15:03:00,512 [DEBUG] STREAM b'pHYs' 111 9
2025-12-10 15:03:00,513 [DEBUG] STREAM b'IDAT' 132 65536
2025-12-10 15:03:00,692 [DEBUG] STREAM b'IHDR' 16 13
2025-12-10 15:03:00,692 [DEBUG] STREAM b'tEXt' 41 58
2025-12-10 15:03:00,692 [DEBUG] STREAM b'pHYs' 111 9
2025-12-10 15:03:00,692 [DEBUG] STREAM b'IDAT' 132 65536
2025-12-10 15:03:01,686 [DEBUG] STREAM b'IHDR' 16 13
2025-12-10 15:03:01,686 [DEBUG] STREAM b'tEXt' 41 58
2025-12-10 15:03:01,686 [DEBUG] STREAM b'pHYs' 111 9
2025-12-10 15:03:01,686 [DEBUG] STREAM b'IDAT' 132 60587
2025-12-10 15:03:01,817 [DEBUG] STREAM b'IHDR' 16 13
2025-12-10 15:03:01,817 [DEBUG] STREAM b'tEXt' 41 58
2025-12-10 15:03:01,817 [DEBUG] STREAM b'pHYs' 111 9
2025-12-10 15:03:01,817 [DEBUG] STREAM b'IDAT' 132 55319
2025-12-10 15:03:02,030 [DEBUG] STREAM b'IHDR' 16 13
2025-12-10 15:03:02,031 [DEBUG] STREAM b'tEXt' 41 58
2025-12-10 15:03:02,031 [DEBUG] STREAM b'pHYs' 111 9
2025-12-10 15:03:02,031 [DEBUG] STREAM b'IDAT' 132 65536
2025-12-10 15:03:02,213 [DEBUG] STREAM b'IHDR' 16 13
2025-12-10 15:03:02,213 [DEBUG] STREAM b'tEXt' 41 58
2025-12-10 15:03:02,213 [DEBUG] STREAM b'pHYs' 111 9
2025-12-10 15:03:02,214 [DEBUG] STREAM b'IDAT' 132 65536
2025-12-10 15:03:06,957 [DEBUG] STREAM b'IHDR' 16 13
2025-12-10 15:03:06,958 [DEBUG] STREAM b'tEXt' 41 58
2025-12-10 15:03:06,958 [DEBUG] STREAM b'pHYs' 111 9
2025-12-10 15:03:06,958 [DEBUG] STREAM b'IDAT' 132 61056
2025-12-10 15:03:07,088 [DEBUG] STREAM b'IHDR' 16 13
2025-12-10 15:03:07,088 [DEBUG] STREAM b'tEXt' 41 58
2025-12-10 15:03:07,089 [DEBUG] STREAM b'pHYs' 111 9
2025-12-10 15:03:07,089 [DEBUG] STREAM b'IDAT' 132 54964
2025-12-10 15:03:07,251 [DEBUG] STREAM b'IHDR' 16 13
2025-12-10 15:03:07,251 [DEBUG] STREAM b'tEXt' 41 58
2025-12-10 15:03:07,251 [DEBUG] STREAM b'pHYs' 111 9
2025-12-10 15:03:07,251 [DEBUG] STREAM b'IDAT' 132 65536
2025-12-10 15:03:07,830 [DEBUG] STREAM b'IHDR' 16 13
2025-12-10 15:03:07,830 [DEBUG] STREAM b'tEXt' 41 58
2025-12-10 15:03:07,831 [DEBUG] STREAM b'pHYs' 111 9
2025-12-10 15:03:07,831 [DEBUG] STREAM b'IDAT' 132 65536
2025-12-10 15:03:08,582 [DEBUG] STREAM b'IHDR' 16 13
2025-12-10 15:03:08,582 [DEBUG] STREAM b'tEXt' 41 58
2025-12-10 15:03:08,584 [DEBUG] STREAM b'pHYs' 111 9
2025-12-10 15:03:08,584 [DEBUG] STREAM b'IDAT' 132 61056
2025-12-10 15:03:08,703 [DEBUG] STREAM b'IHDR' 16 13
2025-12-10 15:03:08,703 [DEBUG] STREAM b'tEXt' 41 58
2025-12-10 15:03:08,703 [DEBUG] STREAM b'pHYs' 111 9
2025-12-10 15:03:08,703 [DEBUG] STREAM b'IDAT' 132 54964
2025-12-10 15:03:08,873 [DEBUG] STREAM b'IHDR' 16 13
2025-12-10 15:03:08,873 [DEBUG] STREAM b'tEXt' 41 58
2025-12-10 15:03:08,873 [DEBUG] STREAM b'pHYs' 111 9
2025-12-10 15:03:08,873 [DEBUG] STREAM b'IDAT' 132 65536
2025-12-10 15:03:09,058 [DEBUG] STREAM b'IHDR' 16 13
2025-12-10 15:03:09,058 [DEBUG] STREAM b'tEXt' 41 58
2025-12-10 15:03:09,058 [DEBUG] STREAM b'pHYs' 111 9
2025-12-10 15:03:09,058 [DEBUG] STREAM b'IDAT' 132 65536
2025-12-10 15:03:15,262 [DEBUG] STREAM b'IHDR' 16 13
2025-12-10 15:03:15,262 [DEBUG] STREAM b'tEXt' 41 58
2025-12-10 15:03:15,262 [DEBUG] STREAM b'pHYs' 111 9
2025-12-10 15:03:15,262 [DEBUG] STREAM b'IDAT' 132 60002
2025-12-10 15:03:15,386 [DEBUG] STREAM b'IHDR' 16 13
2025-12-10 15:03:15,386 [DEBUG] STREAM b'tEXt' 41 58
2025-12-10 15:03:15,386 [DEBUG] STREAM b'pHYs' 111 9
2025-12-10 15:03:15,387 [DEBUG] STREAM b'IDAT' 132 53025
2025-12-10 15:03:15,557 [DEBUG] STREAM b'IHDR' 16 13
2025-12-10 15:03:15,557 [DEBUG] STREAM b'tEXt' 41 58
2025-12-10 15:03:15,557 [DEBUG] STREAM b'pHYs' 111 9
2025-12-10 15:03:15,557 [DEBUG] STREAM b'IDAT' 132 65536
2025-12-10 15:03:16,139 [DEBUG] STREAM b'IHDR' 16 13
2025-12-10 15:03:16,139 [DEBUG] STREAM b'tEXt' 41 58
2025-12-10 15:03:16,140 [DEBUG] STREAM b'pHYs' 111 9
2025-12-10 15:03:16,140 [DEBUG] STREAM b'IDAT' 132 65536
2025-12-10 15:03:17,277 [DEBUG] STREAM b'IHDR' 16 13
2025-12-10 15:03:17,278 [DEBUG] STREAM b'tEXt' 41 58
2025-12-10 15:03:17,278 [DEBUG] STREAM b'pHYs' 111 9
2025-12-10 15:03:17,278 [DEBUG] STREAM b'IDAT' 132 60002
2025-12-10 15:03:17,396 [DEBUG] STREAM b'IHDR' 16 13
2025-12-10 15:03:17,397 [DEBUG] STREAM b'tEXt' 41 58
2025-12-10 15:03:17,397 [DEBUG] STREAM b'pHYs' 111 9
2025-12-10 15:03:17,397 [DEBUG] STREAM b'IDAT' 132 53025
2025-12-10 15:03:17,567 [DEBUG] STREAM b'IHDR' 16 13
2025-12-10 15:03:17,567 [DEBUG] STREAM b'tEXt' 41 58
2025-12-10 15:03:17,567 [DEBUG] STREAM b'pHYs' 111 9
2025-12-10 15:03:17,567 [DEBUG] STREAM b'IDAT' 132 65536
2025-12-10 15:03:17,750 [DEBUG] STREAM b'IHDR' 16 13
2025-12-10 15:03:17,750 [DEBUG] STREAM b'tEXt' 41 58
2025-12-10 15:03:17,750 [DEBUG] STREAM b'pHYs' 111 9
2025-12-10 15:03:17,751 [DEBUG] STREAM b'IDAT' 132 65536
2025-12-10 15:03:18,883 [DEBUG] STREAM b'IHDR' 16 13
2025-12-10 15:03:18,883 [DEBUG] STREAM b'tEXt' 41 58
2025-12-10 15:03:18,883 [DEBUG] STREAM b'pHYs' 111 9
2025-12-10 15:03:18,883 [DEBUG] STREAM b'IDAT' 132 60002
2025-12-10 15:03:19,002 [DEBUG] STREAM b'IHDR' 16 13
2025-12-10 15:03:19,002 [DEBUG] STREAM b'tEXt' 41 58
2025-12-10 15:03:19,002 [DEBUG] STREAM b'pHYs' 111 9
2025-12-10 15:03:19,002 [DEBUG] STREAM b'IDAT' 132 53025
2025-12-10 15:03:19,171 [DEBUG] STREAM b'IHDR' 16 13
2025-12-10 15:03:19,171 [DEBUG] STREAM b'tEXt' 41 58
2025-12-10 15:03:19,172 [DEBUG] STREAM b'pHYs' 111 9
2025-12-10 15:03:19,172 [DEBUG] STREAM b'IDAT' 132 65536
2025-12-10 15:03:19,355 [DEBUG] STREAM b'IHDR' 16 13
2025-12-10 15:03:19,355 [DEBUG] STREAM b'tEXt' 41 58
2025-12-10 15:03:19,356 [DEBUG] STREAM b'pHYs' 111 9
2025-12-10 15:03:19,356 [DEBUG] STREAM b'IDAT' 132 65536
2025-12-10 15:03:19,752 [DEBUG] STREAM b'IHDR' 16 13
2025-12-10 15:03:19,752 [DEBUG] STREAM b'tEXt' 41 58
2025-12-10 15:03:19,753 [DEBUG] STREAM b'pHYs' 111 9
2025-12-10 15:03:19,753 [DEBUG] STREAM b'IDAT' 132 60002
2025-12-10 15:03:19,877 [DEBUG] STREAM b'IHDR' 16 13
2025-12-10 15:03:19,878 [DEBUG] STREAM b'tEXt' 41 58
2025-12-10 15:03:19,878 [DEBUG] STREAM b'pHYs' 111 9
2025-12-10 15:03:19,878 [DEBUG] STREAM b'IDAT' 132 53025
2025-12-10 15:03:20,052 [DEBUG] STREAM b'IHDR' 16 13
2025-12-10 15:03:20,052 [DEBUG] STREAM b'tEXt' 41 58
2025-12-10 15:03:20,052 [DEBUG] STREAM b'pHYs' 111 9
2025-12-10 15:03:20,052 [DEBUG] STREAM b'IDAT' 132 65536
2025-12-10 15:03:20,272 [DEBUG] STREAM b'IHDR' 16 13
2025-12-10 15:03:20,272 [DEBUG] STREAM b'tEXt' 41 58
2025-12-10 15:03:20,273 [DEBUG] STREAM b'pHYs' 111 9
2025-12-10 15:03:20,273 [DEBUG] STREAM b'IDAT' 132 65536
2025-12-10 15:03:20,550 [DEBUG] STREAM b'IHDR' 16 13
2025-12-10 15:03:20,550 [DEBUG] STREAM b'tEXt' 41 58
2025-12-10 15:03:20,550 [DEBUG] STREAM b'pHYs' 111 9
2025-12-10 15:03:20,550 [DEBUG] STREAM b'IDAT' 132 60002
2025-12-10 15:03:20,730 [DEBUG] STREAM b'IHDR' 16 13
2025-12-10 15:03:20,730 [DEBUG] STREAM b'tEXt' 41 58
2025-12-10 15:03:20,731 [DEBUG] STREAM b'pHYs' 111 9
2025-12-10 15:03:20,733 [DEBUG] STREAM b'IDAT' 132 53025
2025-12-10 15:03:20,996 [DEBUG] STREAM b'IHDR' 16 13
2025-12-10 15:03:20,997 [DEBUG] STREAM b'tEXt' 41 58
2025-12-10 15:03:20,997 [DEBUG] STREAM b'pHYs' 111 9
2025-12-10 15:03:20,997 [DEBUG] STREAM b'IDAT' 132 60002
2025-12-10 15:03:21,153 [DEBUG] STREAM b'IHDR' 16 13
2025-12-10 15:03:21,158 [DEBUG] STREAM b'tEXt' 41 58
2025-12-10 15:03:21,158 [DEBUG] STREAM b'pHYs' 111 9
2025-12-10 15:03:21,158 [DEBUG] STREAM b'IDAT' 132 53025
2025-12-10 15:03:21,438 [DEBUG] STREAM b'IHDR' 16 13
2025-12-10 15:03:21,440 [DEBUG] STREAM b'tEXt' 41 58
2025-12-10 15:03:21,441 [DEBUG] STREAM b'pHYs' 111 9
2025-12-10 15:03:21,441 [DEBUG] STREAM b'IDAT' 132 60002
2025-12-10 15:03:21,565 [DEBUG] STREAM b'IHDR' 16 13
2025-12-10 15:03:21,566 [DEBUG] STREAM b'tEXt' 41 58
2025-12-10 15:03:21,566 [DEBUG] STREAM b'pHYs' 111 9
2025-12-10 15:03:21,566 [DEBUG] STREAM b'IDAT' 132 53025
2025-12-10 15:03:21,893 [DEBUG] STREAM b'IHDR' 16 13
2025-12-10 15:03:21,893 [DEBUG] STREAM b'tEXt' 41 58
2025-12-10 15:03:21,894 [DEBUG] STREAM b'pHYs' 111 9
2025-12-10 15:03:21,894 [DEBUG] STREAM b'IDAT' 132 60002
2025-12-10 15:03:22,012 [DEBUG] STREAM b'IHDR' 16 13
2025-12-10 15:03:22,012 [DEBUG] STREAM b'tEXt' 41 58
2025-12-10 15:03:22,013 [DEBUG] STREAM b'pHYs' 111 9
2025-12-10 15:03:22,013 [DEBUG] STREAM b'IDAT' 132 53025
2025-12-10 15:03:22,181 [DEBUG] STREAM b'IHDR' 16 13
2025-12-10 15:03:22,181 [DEBUG] STREAM b'tEXt' 41 58
2025-12-10 15:03:22,181 [DEBUG] STREAM b'pHYs' 111 9
2025-12-10 15:03:22,181 [DEBUG] STREAM b'IDAT' 132 65536
2025-12-10 15:03:22,372 [DEBUG] STREAM b'IHDR' 16 13
2025-12-10 15:03:22,372 [DEBUG] STREAM b'tEXt' 41 58
2025-12-10 15:03:22,372 [DEBUG] STREAM b'pHYs' 111 9
2025-12-10 15:03:22,372 [DEBUG] STREAM b'IDAT' 132 65536
2025-12-10 15:03:23,190 [DEBUG] STREAM b'IHDR' 16 13
2025-12-10 15:03:23,191 [DEBUG] STREAM b'tEXt' 41 58
2025-12-10 15:03:23,191 [DEBUG] STREAM b'pHYs' 111 9
2025-12-10 15:03:23,191 [DEBUG] STREAM b'IDAT' 132 60002
2025-12-10 15:03:23,321 [DEBUG] STREAM b'IHDR' 16 13
2025-12-10 15:03:23,321 [DEBUG] STREAM b'tEXt' 41 58
2025-12-10 15:03:23,322 [DEBUG] STREAM b'pHYs' 111 9
2025-12-10 15:03:23,322 [DEBUG] STREAM b'IDAT' 132 53025
2025-12-10 15:03:23,493 [DEBUG] STREAM b'IHDR' 16 13
2025-12-10 15:03:23,493 [DEBUG] STREAM b'tEXt' 41 58
2025-12-10 15:03:23,493 [DEBUG] STREAM b'pHYs' 111 9
2025-12-10 15:03:23,493 [DEBUG] STREAM b'IDAT' 132 65536
2025-12-10 15:03:23,675 [DEBUG] STREAM b'IHDR' 16 13
2025-12-10 15:03:23,676 [DEBUG] STREAM b'tEXt' 41 58
2025-12-10 15:03:23,676 [DEBUG] STREAM b'pHYs' 111 9
2025-12-10 15:03:23,676 [DEBUG] STREAM b'IDAT' 132 65536
2025-12-10 15:03:24,511 [DEBUG] STREAM b'IHDR' 16 13
2025-12-10 15:03:24,511 [DEBUG] STREAM b'tEXt' 41 58
2025-12-10 15:03:24,511 [DEBUG] STREAM b'pHYs' 111 9
2025-12-10 15:03:24,511 [DEBUG] STREAM b'IDAT' 132 60002
2025-12-10 15:03:24,640 [DEBUG] STREAM b'IHDR' 16 13
2025-12-10 15:03:24,640 [DEBUG] STREAM b'tEXt' 41 58
2025-12-10 15:03:24,640 [DEBUG] STREAM b'pHYs' 111 9
2025-12-10 15:03:24,640 [DEBUG] STREAM b'IDAT' 132 53025
2025-12-10 15:03:24,814 [DEBUG] STREAM b'IHDR' 16 13
2025-12-10 15:03:24,817 [DEBUG] STREAM b'tEXt' 41 58
2025-12-10 15:03:24,819 [DEBUG] STREAM b'pHYs' 111 9
2025-12-10 15:03:24,820 [DEBUG] STREAM b'IDAT' 132 65536
2025-12-10 15:03:25,147 [DEBUG] STREAM b'IHDR' 16 13
2025-12-10 15:03:25,147 [DEBUG] STREAM b'tEXt' 41 58
2025-12-10 15:03:25,147 [DEBUG] STREAM b'pHYs' 111 9
2025-12-10 15:03:25,148 [DEBUG] STREAM b'IDAT' 132 60587
2025-12-10 15:03:25,266 [DEBUG] STREAM b'IHDR' 16 13
2025-12-10 15:03:25,266 [DEBUG] STREAM b'tEXt' 41 58
2025-12-10 15:03:25,266 [DEBUG] STREAM b'pHYs' 111 9
2025-12-10 15:03:25,266 [DEBUG] STREAM b'IDAT' 132 55319
2025-12-10 15:03:25,445 [DEBUG] STREAM b'IHDR' 16 13
2025-12-10 15:03:25,445 [DEBUG] STREAM b'tEXt' 41 58
2025-12-10 15:03:25,445 [DEBUG] STREAM b'pHYs' 111 9
2025-12-10 15:03:25,445 [DEBUG] STREAM b'IDAT' 132 65536
2025-12-10 15:03:26,011 [DEBUG] STREAM b'IHDR' 16 13
2025-12-10 15:03:26,011 [DEBUG] STREAM b'tEXt' 41 58
2025-12-10 15:03:26,011 [DEBUG] STREAM b'pHYs' 111 9
2025-12-10 15:03:26,011 [DEBUG] STREAM b'IDAT' 132 65536
